<?xml version="1.0" encoding="UTF-8"?>
<!-- Generated by org.testng.reporters.JUnitReportReporter -->
<testsuite hostname="Sai" failures="0" tests="1" name="TestCase.DemoTest" time="0.141" errors="0" timestamp="2024-08-19T07:19:41 IST" skipped="0">
  <testcase classname="TestCase.DemoTest" name="OpenBrowser" time="0.141"/>
  <system-out/>
</testsuite> <!-- TestCase.DemoTest -->
