<?xml version="1.0" encoding="UTF-8"?>
<!-- Generated by org.testng.reporters.JUnitReportReporter -->
<testsuite hostname="Sai" failures="0" tests="1" name="TestCase.VerifyLogin" time="18.326" errors="0" timestamp="2024-08-18T21:01:07 IST" skipped="0">
  <testcase classname="TestCase.VerifyLogin" name="verifyValidLogin" time="18.326"/>
  <system-out/>
</testsuite> <!-- TestCase.VerifyLogin -->
